2025-09-30 18:07:12,666 - root - INFO - ===== 价格预测模型开始运行 =====
2025-09-30 18:07:12,666 - root - INFO - 开始数据处理...
2025-09-30 18:07:12,667 - data_loader - INFO - 从./data/min_eth_data.csv加载数据
2025-09-30 18:07:12,676 - data_loader - INFO - 数据加载完成,形状:(10000, 7)
2025-09-30 18:07:12,677 - data_loader - INFO - 开始数据预处理...
2025-09-30 18:07:12,677 - data_loader - INFO - 使用 minmax 方法标准化数据
2025-09-30 18:07:12,685 - data_loader - INFO - 创建序列 - 输入长度: 30, 预测长度: 1
2025-09-30 18:07:18,030 - data_loader - INFO - 序列创建完成 - 特征形状: (9970, 30, 6), 目标形状: (9970, 1)
2025-09-30 18:07:18,364 - data_loader - INFO - 数据预处理完成
2025-09-30 18:07:18,371 - data_loader - INFO - 数据加载器创建完成 - 训练集: 6979, 验证集: 997, 测试集: 1994
2025-09-30 18:07:18,372 - root - INFO - 数据处理完成 - 训练集: 6979, 验证集: 997, 测试集: 1994
2025-09-30 18:07:18,372 - root - INFO - 初始化模型...
2025-09-30 18:07:18,377 - root - INFO - 模型类型: encoder 型Transformer
2025-09-30 18:07:18,377 - root - INFO - 模型参数数量: 100,929
2025-09-30 18:07:18,377 - root - INFO - 开始模型训练...
2025-09-30 18:07:18,485 - trainer - INFO - 开始模型训练...
2025-09-30 18:07:21,103 - trainer - INFO - Epoch 1/100 - Train Loss: 0.067614 - Val Loss: 0.118472 - LR: 0.00099975
2025-09-30 18:07:21,115 - trainer - INFO - 模型已保存到 ./log/models/best_model.pt
2025-09-30 18:07:21,115 - trainer - INFO - 保存最佳模型，验证损失: 0.118472
2025-09-30 18:07:22,144 - trainer - INFO - Epoch 2/100 - Train Loss: 0.056819 - Val Loss: 0.245369 - LR: 0.00099901
2025-09-30 18:07:22,145 - trainer - INFO - 早停计数器: 1/10
2025-09-30 18:07:23,162 - trainer - INFO - Epoch 3/100 - Train Loss: 0.055248 - Val Loss: 0.169930 - LR: 0.00099778
2025-09-30 18:07:23,162 - trainer - INFO - 早停计数器: 2/10
2025-09-30 18:07:24,191 - trainer - INFO - Epoch 4/100 - Train Loss: 0.054975 - Val Loss: 0.160729 - LR: 0.00099606
2025-09-30 18:07:24,191 - trainer - INFO - 早停计数器: 3/10
2025-09-30 18:07:25,215 - trainer - INFO - Epoch 5/100 - Train Loss: 0.054197 - Val Loss: 0.226903 - LR: 0.00099384
2025-09-30 18:07:25,216 - trainer - INFO - 早停计数器: 4/10
2025-09-30 18:07:26,247 - trainer - INFO - Epoch 6/100 - Train Loss: 0.054591 - Val Loss: 0.192348 - LR: 0.00099114
2025-09-30 18:07:26,247 - trainer - INFO - 早停计数器: 5/10
2025-09-30 18:07:27,267 - trainer - INFO - Epoch 7/100 - Train Loss: 0.054728 - Val Loss: 0.163261 - LR: 0.00098796
2025-09-30 18:07:27,267 - trainer - INFO - 早停计数器: 6/10
2025-09-30 18:07:28,437 - trainer - INFO - Epoch 8/100 - Train Loss: 0.054719 - Val Loss: 0.161215 - LR: 0.00098429
2025-09-30 18:07:28,437 - trainer - INFO - 早停计数器: 7/10
2025-09-30 18:07:29,488 - trainer - INFO - Epoch 9/100 - Train Loss: 0.054840 - Val Loss: 0.148142 - LR: 0.00098015
2025-09-30 18:07:29,488 - trainer - INFO - 早停计数器: 8/10
2025-09-30 18:07:30,516 - trainer - INFO - Epoch 10/100 - Train Loss: 0.055468 - Val Loss: 0.178808 - LR: 0.00097553
2025-09-30 18:07:30,516 - trainer - INFO - 早停计数器: 9/10
2025-09-30 18:07:31,538 - trainer - INFO - Epoch 11/100 - Train Loss: 0.054026 - Val Loss: 0.228886 - LR: 0.00097044
2025-09-30 18:07:31,538 - trainer - INFO - 早停计数器: 10/10
2025-09-30 18:07:32,566 - trainer - INFO - Epoch 12/100 - Train Loss: 0.054894 - Val Loss: 0.146133 - LR: 0.00096489
2025-09-30 18:07:32,566 - trainer - INFO - 早停计数器: 11/10
2025-09-30 18:07:33,596 - trainer - INFO - Epoch 13/100 - Train Loss: 0.054958 - Val Loss: 0.171922 - LR: 0.00095888
2025-09-30 18:07:33,596 - trainer - INFO - 早停计数器: 12/10
2025-09-30 18:07:34,619 - trainer - INFO - Epoch 14/100 - Train Loss: 0.054562 - Val Loss: 0.168515 - LR: 0.00095241
2025-09-30 18:07:34,619 - trainer - INFO - 早停计数器: 13/10
2025-09-30 18:07:35,640 - trainer - INFO - Epoch 15/100 - Train Loss: 0.053950 - Val Loss: 0.182435 - LR: 0.00094550
2025-09-30 18:07:35,640 - trainer - INFO - 早停计数器: 14/10
2025-09-30 18:07:36,668 - trainer - INFO - Epoch 16/100 - Train Loss: 0.053855 - Val Loss: 0.197084 - LR: 0.00093815
2025-09-30 18:07:36,668 - trainer - INFO - 早停计数器: 15/10
2025-09-30 18:07:37,687 - trainer - INFO - Epoch 17/100 - Train Loss: 0.053521 - Val Loss: 0.172240 - LR: 0.00093037
2025-09-30 18:07:37,687 - trainer - INFO - 早停计数器: 16/10
2025-09-30 18:07:38,778 - trainer - INFO - Epoch 18/100 - Train Loss: 0.054185 - Val Loss: 0.182466 - LR: 0.00092216
2025-09-30 18:07:38,778 - trainer - INFO - 早停计数器: 17/10
2025-09-30 18:07:39,870 - trainer - INFO - Epoch 19/100 - Train Loss: 0.054013 - Val Loss: 0.216909 - LR: 0.00091354
2025-09-30 18:07:39,870 - trainer - INFO - 早停计数器: 18/10
2025-09-30 18:07:40,964 - trainer - INFO - Epoch 20/100 - Train Loss: 0.055528 - Val Loss: 0.182251 - LR: 0.00090451
2025-09-30 18:07:40,964 - trainer - INFO - 早停计数器: 19/10
2025-09-30 18:07:42,056 - trainer - INFO - Epoch 21/100 - Train Loss: 0.053932 - Val Loss: 0.194318 - LR: 0.00089508
2025-09-30 18:07:42,056 - trainer - INFO - 早停计数器: 20/10
2025-09-30 18:07:43,134 - trainer - INFO - Epoch 22/100 - Train Loss: 0.053197 - Val Loss: 0.174673 - LR: 0.00088526
2025-09-30 18:07:43,134 - trainer - INFO - 早停计数器: 21/10
2025-09-30 18:07:44,153 - trainer - INFO - Epoch 23/100 - Train Loss: 0.054219 - Val Loss: 0.203591 - LR: 0.00087506
2025-09-30 18:07:44,153 - trainer - INFO - 早停计数器: 22/10
2025-09-30 18:07:45,172 - trainer - INFO - Epoch 24/100 - Train Loss: 0.053463 - Val Loss: 0.214375 - LR: 0.00086448
2025-09-30 18:07:45,173 - trainer - INFO - 早停计数器: 23/10
2025-09-30 18:07:46,196 - trainer - INFO - Epoch 25/100 - Train Loss: 0.053773 - Val Loss: 0.174076 - LR: 0.00085355
2025-09-30 18:07:46,196 - trainer - INFO - 早停计数器: 24/10
2025-09-30 18:07:47,248 - trainer - INFO - Epoch 26/100 - Train Loss: 0.053654 - Val Loss: 0.178057 - LR: 0.00084227
2025-09-30 18:07:47,249 - trainer - INFO - 早停计数器: 25/10
2025-09-30 18:07:48,273 - trainer - INFO - Epoch 27/100 - Train Loss: 0.053625 - Val Loss: 0.191278 - LR: 0.00083066
2025-09-30 18:07:48,274 - trainer - INFO - 早停计数器: 26/10
2025-09-30 18:07:49,403 - trainer - INFO - Epoch 28/100 - Train Loss: 0.053522 - Val Loss: 0.178172 - LR: 0.00081871
2025-09-30 18:07:49,403 - trainer - INFO - 早停计数器: 27/10
2025-09-30 18:07:50,511 - trainer - INFO - Epoch 29/100 - Train Loss: 0.054058 - Val Loss: 0.198382 - LR: 0.00080645
2025-09-30 18:07:50,511 - trainer - INFO - 早停计数器: 28/10
2025-09-30 18:07:51,634 - trainer - INFO - Epoch 30/100 - Train Loss: 0.053739 - Val Loss: 0.160650 - LR: 0.00079389
2025-09-30 18:07:51,635 - trainer - INFO - 早停计数器: 29/10
2025-09-30 18:07:52,739 - trainer - INFO - Epoch 31/100 - Train Loss: 0.053974 - Val Loss: 0.200263 - LR: 0.00078104
2025-09-30 18:07:52,740 - trainer - INFO - 早停计数器: 30/10
2025-09-30 18:07:53,859 - trainer - INFO - Epoch 32/100 - Train Loss: 0.053607 - Val Loss: 0.184867 - LR: 0.00076791
2025-09-30 18:07:53,859 - trainer - INFO - 早停计数器: 31/10
2025-09-30 18:07:54,881 - trainer - INFO - Epoch 33/100 - Train Loss: 0.053570 - Val Loss: 0.185041 - LR: 0.00075452
2025-09-30 18:07:54,881 - trainer - INFO - 早停计数器: 32/10
2025-09-30 18:07:55,903 - trainer - INFO - Epoch 34/100 - Train Loss: 0.053660 - Val Loss: 0.166673 - LR: 0.00074088
2025-09-30 18:07:55,903 - trainer - INFO - 早停计数器: 33/10
2025-09-30 18:07:56,937 - trainer - INFO - Epoch 35/100 - Train Loss: 0.054047 - Val Loss: 0.213771 - LR: 0.00072700
2025-09-30 18:07:56,937 - trainer - INFO - 早停计数器: 34/10
2025-09-30 18:07:57,981 - trainer - INFO - Epoch 36/100 - Train Loss: 0.053742 - Val Loss: 0.191046 - LR: 0.00071289
2025-09-30 18:07:57,981 - trainer - INFO - 早停计数器: 35/10
2025-09-30 18:07:59,047 - trainer - INFO - Epoch 37/100 - Train Loss: 0.053430 - Val Loss: 0.184285 - LR: 0.00069857
2025-09-30 18:07:59,051 - trainer - INFO - 早停计数器: 36/10
2025-09-30 18:08:00,125 - trainer - INFO - Epoch 38/100 - Train Loss: 0.053266 - Val Loss: 0.176877 - LR: 0.00068406
2025-09-30 18:08:00,125 - trainer - INFO - 早停计数器: 37/10
2025-09-30 18:08:01,234 - trainer - INFO - Epoch 39/100 - Train Loss: 0.053185 - Val Loss: 0.169773 - LR: 0.00066937
2025-09-30 18:08:01,234 - trainer - INFO - 早停计数器: 38/10
2025-09-30 18:08:02,329 - trainer - INFO - Epoch 40/100 - Train Loss: 0.053725 - Val Loss: 0.177370 - LR: 0.00065451
2025-09-30 18:08:02,329 - trainer - INFO - 早停计数器: 39/10
2025-09-30 18:08:03,412 - trainer - INFO - Epoch 41/100 - Train Loss: 0.053725 - Val Loss: 0.177954 - LR: 0.00063950
2025-09-30 18:08:03,412 - trainer - INFO - 早停计数器: 40/10
2025-09-30 18:08:04,521 - trainer - INFO - Epoch 42/100 - Train Loss: 0.053884 - Val Loss: 0.185627 - LR: 0.00062434
2025-09-30 18:08:04,521 - trainer - INFO - 早停计数器: 41/10
2025-09-30 18:08:05,550 - trainer - INFO - Epoch 43/100 - Train Loss: 0.054481 - Val Loss: 0.183490 - LR: 0.00060907
2025-09-30 18:08:05,550 - trainer - INFO - 早停计数器: 42/10
2025-09-30 18:08:06,577 - trainer - INFO - Epoch 44/100 - Train Loss: 0.054259 - Val Loss: 0.189732 - LR: 0.00059369
2025-09-30 18:08:06,577 - trainer - INFO - 早停计数器: 43/10
2025-09-30 18:08:07,604 - trainer - INFO - Epoch 45/100 - Train Loss: 0.054085 - Val Loss: 0.167595 - LR: 0.00057822
2025-09-30 18:08:07,604 - trainer - INFO - 早停计数器: 44/10
2025-09-30 18:08:08,625 - trainer - INFO - Epoch 46/100 - Train Loss: 0.053490 - Val Loss: 0.171215 - LR: 0.00056267
2025-09-30 18:08:08,625 - trainer - INFO - 早停计数器: 45/10
2025-09-30 18:08:09,644 - trainer - INFO - Epoch 47/100 - Train Loss: 0.053846 - Val Loss: 0.165912 - LR: 0.00054705
2025-09-30 18:08:09,644 - trainer - INFO - 早停计数器: 46/10
2025-09-30 18:08:10,664 - trainer - INFO - Epoch 48/100 - Train Loss: 0.053479 - Val Loss: 0.190118 - LR: 0.00053140
2025-09-30 18:08:10,665 - trainer - INFO - 早停计数器: 47/10
2025-09-30 18:08:11,681 - trainer - INFO - Epoch 49/100 - Train Loss: 0.053219 - Val Loss: 0.182026 - LR: 0.00051571
2025-09-30 18:08:11,681 - trainer - INFO - 早停计数器: 48/10
2025-09-30 18:08:12,704 - trainer - INFO - Epoch 50/100 - Train Loss: 0.053717 - Val Loss: 0.181319 - LR: 0.00050000
2025-09-30 18:08:12,704 - trainer - INFO - 早停计数器: 49/10
2025-09-30 18:08:13,730 - trainer - INFO - Epoch 51/100 - Train Loss: 0.053933 - Val Loss: 0.165105 - LR: 0.00048429
2025-09-30 18:08:13,730 - trainer - INFO - 早停计数器: 50/10
2025-09-30 18:08:14,759 - trainer - INFO - Epoch 52/100 - Train Loss: 0.053896 - Val Loss: 0.181623 - LR: 0.00046860
2025-09-30 18:08:14,759 - trainer - INFO - 早停计数器: 51/10
2025-09-30 18:08:15,790 - trainer - INFO - Epoch 53/100 - Train Loss: 0.054086 - Val Loss: 0.183643 - LR: 0.00045295
2025-09-30 18:08:15,791 - trainer - INFO - 早停计数器: 52/10
2025-09-30 18:08:16,810 - trainer - INFO - Epoch 54/100 - Train Loss: 0.053619 - Val Loss: 0.189082 - LR: 0.00043733
2025-09-30 18:08:16,810 - trainer - INFO - 早停计数器: 53/10
2025-09-30 18:08:17,842 - trainer - INFO - Epoch 55/100 - Train Loss: 0.054190 - Val Loss: 0.192634 - LR: 0.00042178
2025-09-30 18:08:17,842 - trainer - INFO - 早停计数器: 54/10
2025-09-30 18:08:18,871 - trainer - INFO - Epoch 56/100 - Train Loss: 0.054229 - Val Loss: 0.186759 - LR: 0.00040631
2025-09-30 18:08:18,871 - trainer - INFO - 早停计数器: 55/10
2025-09-30 18:08:20,002 - trainer - INFO - Epoch 57/100 - Train Loss: 0.053241 - Val Loss: 0.168051 - LR: 0.00039093
2025-09-30 18:08:20,002 - trainer - INFO - 早停计数器: 56/10
2025-09-30 18:08:21,110 - trainer - INFO - Epoch 58/100 - Train Loss: 0.053119 - Val Loss: 0.181434 - LR: 0.00037566
2025-09-30 18:08:21,110 - trainer - INFO - 早停计数器: 57/10
2025-09-30 18:08:22,236 - trainer - INFO - Epoch 59/100 - Train Loss: 0.053773 - Val Loss: 0.181454 - LR: 0.00036050
2025-09-30 18:08:22,237 - trainer - INFO - 早停计数器: 58/10
2025-09-30 18:08:23,362 - trainer - INFO - Epoch 60/100 - Train Loss: 0.053565 - Val Loss: 0.173122 - LR: 0.00034549
2025-09-30 18:08:23,363 - trainer - INFO - 早停计数器: 59/10
2025-09-30 18:08:24,510 - trainer - INFO - Epoch 61/100 - Train Loss: 0.053140 - Val Loss: 0.173196 - LR: 0.00033063
2025-09-30 18:08:24,510 - trainer - INFO - 早停计数器: 60/10
2025-09-30 18:08:25,571 - trainer - INFO - Epoch 62/100 - Train Loss: 0.053874 - Val Loss: 0.185878 - LR: 0.00031594
2025-09-30 18:08:25,571 - trainer - INFO - 早停计数器: 61/10
2025-09-30 18:08:26,651 - trainer - INFO - Epoch 63/100 - Train Loss: 0.053744 - Val Loss: 0.176419 - LR: 0.00030143
2025-09-30 18:08:26,651 - trainer - INFO - 早停计数器: 62/10
2025-09-30 18:08:27,676 - trainer - INFO - Epoch 64/100 - Train Loss: 0.054117 - Val Loss: 0.185781 - LR: 0.00028711
2025-09-30 18:08:27,676 - trainer - INFO - 早停计数器: 63/10
2025-09-30 18:08:28,702 - trainer - INFO - Epoch 65/100 - Train Loss: 0.053347 - Val Loss: 0.177332 - LR: 0.00027300
2025-09-30 18:08:28,702 - trainer - INFO - 早停计数器: 64/10
2025-09-30 18:08:29,723 - trainer - INFO - Epoch 66/100 - Train Loss: 0.054127 - Val Loss: 0.177779 - LR: 0.00025912
2025-09-30 18:08:29,723 - trainer - INFO - 早停计数器: 65/10
2025-09-30 18:08:30,753 - trainer - INFO - Epoch 67/100 - Train Loss: 0.053802 - Val Loss: 0.171489 - LR: 0.00024548
2025-09-30 18:08:30,754 - trainer - INFO - 早停计数器: 66/10
2025-09-30 18:08:31,777 - trainer - INFO - Epoch 68/100 - Train Loss: 0.053967 - Val Loss: 0.173458 - LR: 0.00023209
2025-09-30 18:08:31,777 - trainer - INFO - 早停计数器: 67/10
2025-09-30 18:08:32,843 - trainer - INFO - Epoch 69/100 - Train Loss: 0.053602 - Val Loss: 0.184657 - LR: 0.00021896
2025-09-30 18:08:32,843 - trainer - INFO - 早停计数器: 68/10
2025-09-30 18:08:33,887 - trainer - INFO - Epoch 70/100 - Train Loss: 0.053354 - Val Loss: 0.184079 - LR: 0.00020611
2025-09-30 18:08:33,887 - trainer - INFO - 早停计数器: 69/10
2025-09-30 18:08:34,914 - trainer - INFO - Epoch 71/100 - Train Loss: 0.054114 - Val Loss: 0.177733 - LR: 0.00019355
2025-09-30 18:08:34,914 - trainer - INFO - 早停计数器: 70/10
2025-09-30 18:08:35,940 - trainer - INFO - Epoch 72/100 - Train Loss: 0.054255 - Val Loss: 0.171623 - LR: 0.00018129
2025-09-30 18:08:35,940 - trainer - INFO - 早停计数器: 71/10
2025-09-30 18:08:36,982 - trainer - INFO - Epoch 73/100 - Train Loss: 0.053572 - Val Loss: 0.184192 - LR: 0.00016934
2025-09-30 18:08:36,982 - trainer - INFO - 早停计数器: 72/10
2025-09-30 18:08:38,031 - trainer - INFO - Epoch 74/100 - Train Loss: 0.053077 - Val Loss: 0.177878 - LR: 0.00015773
2025-09-30 18:08:38,031 - trainer - INFO - 早停计数器: 73/10
2025-09-30 18:08:39,052 - trainer - INFO - Epoch 75/100 - Train Loss: 0.053524 - Val Loss: 0.179443 - LR: 0.00014645
2025-09-30 18:08:39,052 - trainer - INFO - 早停计数器: 74/10
2025-09-30 18:08:40,080 - trainer - INFO - Epoch 76/100 - Train Loss: 0.053517 - Val Loss: 0.187299 - LR: 0.00013552
2025-09-30 18:08:40,080 - trainer - INFO - 早停计数器: 75/10
2025-09-30 18:08:41,105 - trainer - INFO - Epoch 77/100 - Train Loss: 0.053514 - Val Loss: 0.181769 - LR: 0.00012494
2025-09-30 18:08:41,105 - trainer - INFO - 早停计数器: 76/10
2025-09-30 18:08:42,123 - trainer - INFO - Epoch 78/100 - Train Loss: 0.053241 - Val Loss: 0.176184 - LR: 0.00011474
2025-09-30 18:08:42,123 - trainer - INFO - 早停计数器: 77/10
2025-09-30 18:08:43,151 - trainer - INFO - Epoch 79/100 - Train Loss: 0.054077 - Val Loss: 0.181229 - LR: 0.00010492
2025-09-30 18:08:43,152 - trainer - INFO - 早停计数器: 78/10
2025-09-30 18:08:44,174 - trainer - INFO - Epoch 80/100 - Train Loss: 0.053458 - Val Loss: 0.176150 - LR: 0.00009549
2025-09-30 18:08:44,174 - trainer - INFO - 早停计数器: 79/10
2025-09-30 18:08:45,208 - trainer - INFO - Epoch 81/100 - Train Loss: 0.053373 - Val Loss: 0.176508 - LR: 0.00008646
2025-09-30 18:08:45,208 - trainer - INFO - 早停计数器: 80/10
2025-09-30 18:08:46,307 - trainer - INFO - Epoch 82/100 - Train Loss: 0.053055 - Val Loss: 0.181313 - LR: 0.00007784
2025-09-30 18:08:46,307 - trainer - INFO - 早停计数器: 81/10
2025-09-30 18:08:47,399 - trainer - INFO - Epoch 83/100 - Train Loss: 0.053494 - Val Loss: 0.182938 - LR: 0.00006963
2025-09-30 18:08:47,399 - trainer - INFO - 早停计数器: 82/10
2025-09-30 18:08:48,492 - trainer - INFO - Epoch 84/100 - Train Loss: 0.053033 - Val Loss: 0.180108 - LR: 0.00006185
2025-09-30 18:08:48,492 - trainer - INFO - 早停计数器: 83/10
2025-09-30 18:08:49,581 - trainer - INFO - Epoch 85/100 - Train Loss: 0.054463 - Val Loss: 0.178887 - LR: 0.00005450
2025-09-30 18:08:49,581 - trainer - INFO - 早停计数器: 84/10
2025-09-30 18:08:50,697 - trainer - INFO - Epoch 86/100 - Train Loss: 0.053723 - Val Loss: 0.182780 - LR: 0.00004759
2025-09-30 18:08:50,698 - trainer - INFO - 早停计数器: 85/10
2025-09-30 18:08:51,742 - trainer - INFO - Epoch 87/100 - Train Loss: 0.053650 - Val Loss: 0.180677 - LR: 0.00004112
2025-09-30 18:08:51,743 - trainer - INFO - 早停计数器: 86/10
2025-09-30 18:08:52,806 - trainer - INFO - Epoch 88/100 - Train Loss: 0.054727 - Val Loss: 0.182433 - LR: 0.00003511
2025-09-30 18:08:52,806 - trainer - INFO - 早停计数器: 87/10
2025-09-30 18:08:53,857 - trainer - INFO - Epoch 89/100 - Train Loss: 0.054116 - Val Loss: 0.177920 - LR: 0.00002956
2025-09-30 18:08:53,857 - trainer - INFO - 早停计数器: 88/10
2025-09-30 18:08:54,893 - trainer - INFO - Epoch 90/100 - Train Loss: 0.053299 - Val Loss: 0.177355 - LR: 0.00002447
2025-09-30 18:08:54,893 - trainer - INFO - 早停计数器: 89/10
2025-09-30 18:08:55,999 - trainer - INFO - Epoch 91/100 - Train Loss: 0.053363 - Val Loss: 0.179157 - LR: 0.00001985
2025-09-30 18:08:55,999 - trainer - INFO - 早停计数器: 90/10
2025-09-30 18:08:57,127 - trainer - INFO - Epoch 92/100 - Train Loss: 0.054448 - Val Loss: 0.180013 - LR: 0.00001571
2025-09-30 18:08:57,128 - trainer - INFO - 早停计数器: 91/10
2025-09-30 18:08:58,250 - trainer - INFO - Epoch 93/100 - Train Loss: 0.053714 - Val Loss: 0.179491 - LR: 0.00001204
2025-09-30 18:08:58,250 - trainer - INFO - 早停计数器: 92/10
2025-09-30 18:08:59,392 - trainer - INFO - Epoch 94/100 - Train Loss: 0.053029 - Val Loss: 0.178717 - LR: 0.00000886
2025-09-30 18:08:59,392 - trainer - INFO - 早停计数器: 93/10
2025-09-30 18:09:00,501 - trainer - INFO - Epoch 95/100 - Train Loss: 0.053498 - Val Loss: 0.178957 - LR: 0.00000616
2025-09-30 18:09:00,501 - trainer - INFO - 早停计数器: 94/10
2025-09-30 18:09:01,518 - trainer - INFO - Epoch 96/100 - Train Loss: 0.054107 - Val Loss: 0.178591 - LR: 0.00000394
2025-09-30 18:09:01,518 - trainer - INFO - 早停计数器: 95/10
2025-09-30 18:09:02,547 - trainer - INFO - Epoch 97/100 - Train Loss: 0.052980 - Val Loss: 0.179108 - LR: 0.00000222
2025-09-30 18:09:02,547 - trainer - INFO - 早停计数器: 96/10
2025-09-30 18:09:03,566 - trainer - INFO - Epoch 98/100 - Train Loss: 0.052996 - Val Loss: 0.179151 - LR: 0.00000099
2025-09-30 18:09:03,566 - trainer - INFO - 早停计数器: 97/10
2025-09-30 18:09:04,626 - trainer - INFO - Epoch 99/100 - Train Loss: 0.053419 - Val Loss: 0.179080 - LR: 0.00000025
2025-09-30 18:09:04,626 - trainer - INFO - 早停计数器: 98/10
2025-09-30 18:09:05,725 - trainer - INFO - Epoch 100/100 - Train Loss: 0.053418 - Val Loss: 0.179109 - LR: 0.00000000
2025-09-30 18:09:05,725 - trainer - INFO - 早停计数器: 99/10
2025-09-30 18:09:05,836 - trainer - INFO - 损失曲线已保存到 ./log/plots/loss_curve.png
2025-09-30 18:09:05,836 - trainer - INFO - 训练完成 - 耗时: 1.79 分钟
2025-09-30 18:09:05,836 - root - INFO - 开始模型评估...
2025-09-30 18:09:05,836 - trainer - INFO - 开始模型评估...
2025-09-30 18:09:05,861 - trainer - INFO - 已加载模型: ./log/models/best_model.pt
2025-09-30 18:09:05,953 - trainer - INFO - 评估指标 - MAE: 147.1010, RMSE: 148.3886, R²: -55.8520
2025-09-30 18:09:06,147 - trainer - INFO - 预测对比图已保存到 ./log/plots/prediction_comparison.png
2025-09-30 18:09:06,147 - root - INFO - ===== 价格预测模型运行结束 =====
